<?xml version="1.0" encoding="UTF-8" standalone="no"?>
<testsuite errors="0" failures="1" name="io.cucumber.core.plugin.JUnitFormatter" skipped="0" tests="8" time="143.498">
<testcase classname="US1001 amazon page search" name="TC01 amazon arama testi" time="31.883">
<system-out><![CDATA[Given kullanici amazon anasayfaya gider.....................................passed
And iphone icin arama yapar.................................................passed
Then sonucun iphone icerdigini test eder....................................passed
Given kullanici amazon anasayfaya gider.....................................passed
And tea pot icin arama yapar................................................passed
Then sonucun tea pot icerdigini test eder...................................passed
Given kullanici amazon anasayfaya gider.....................................passed
And flower icin arama yapar.................................................passed
Then sonucun flower icerdigini test eder....................................passed
And kullanici sayfayi kapatir...............................................passed
]]></system-out>
</testcase>
<testcase classname="US1002 Amazon search background" name="TC02_amazon_iphone_arama_testi" time="11.934">
<system-out><![CDATA[Given kullanici amazon anasayfaya gider.....................................passed
And iphone icin arama yapar.................................................passed
Then sonucun iphone icerdigini test eder....................................passed
]]></system-out>
</testcase>
<testcase classname="US1002 Amazon search background" name="TC03_amazon_teapot_arama_testi" time="12.881">
<system-out><![CDATA[Given kullanici amazon anasayfaya gider.....................................passed
And tea pot icin arama yapar................................................passed
Then sonucun tea pot icerdigini test eder...................................passed
]]></system-out>
</testcase>
<testcase classname="US1002 Amazon search background" name="TC04_amazon_flower_arama_testi" time="15.36">
<system-out><![CDATA[Given kullanici amazon anasayfaya gider.....................................passed
And flower icin arama yapar.................................................passed
Then sonucun flower icerdigini test eder....................................passed
]]></system-out>
</testcase>
<testcase classname="US1003_amazon_search_parametreli" name="TC05_parametre_kullanma" time="13.419">
<failure message="" type="java.lang.AssertionError"><![CDATA[Given kullanici amazon anasayfaya gider.....................................passed
And "hasan" icin arama yapar................................................passed
Then sonucun "teapot" icerdigini test eder..................................failed
And kullanici sayfayi kapatir...............................................skipped

StackTrace:
java.lang.AssertionError
	at org.junit.Assert.fail(Assert.java:87)
	at org.junit.Assert.assertTrue(Assert.java:42)
	at org.junit.Assert.assertTrue(Assert.java:53)
	at stepdefinitions.AmazonStepDefinitions.sonucun_icerdigini_test_eder(AmazonStepDefinitions.java:71)
	at âœ½.sonucun "teapot" icerdigini test eder(file:///C:/Users/ASUS/IdeaProjects/Batch11CucumberFramework/src/test/resources/features/US1003_amazon_search_parametreli.feature:7)
]]></failure>
</testcase>
<testcase classname="US1004_amazon_search_scenario_putline" name="TC06_coklu_arama" time="18.142">
<system-out><![CDATA[Given kullanici amazon anasayfaya gider.....................................passed
And amazon sayfasinda "iphone" icin arama yapar.............................passed
Then sonucun "iphone" icerdigini test eder..................................passed
And kullanici sayfayi kapatir...............................................passed
]]></system-out>
</testcase>
<testcase classname="US1004_amazon_search_scenario_putline" name="TC06_coklu_arama_2" time="21.341">
<system-out><![CDATA[Given kullanici amazon anasayfaya gider.....................................passed
And amazon sayfasinda "teapot" icin arama yapar.............................passed
Then sonucun "teapot" icerdigini test eder..................................passed
And kullanici sayfayi kapatir...............................................passed
]]></system-out>
</testcase>
<testcase classname="US1004_amazon_search_scenario_putline" name="TC06_coklu_arama_3" time="18.025">
<system-out><![CDATA[Given kullanici amazon anasayfaya gider.....................................passed
And amazon sayfasinda "flower" icin arama yapar.............................passed
Then sonucun "flower" icerdigini test eder..................................passed
And kullanici sayfayi kapatir...............................................passed
]]></system-out>
</testcase>
</testsuite>
